<?xml version="1.0" encoding="UTF-8"?>
<!-- Generated by org.testng.reporters.JUnitReportReporter -->
<testsuite hostname="LAPTOP-N6AMDSDJ" failures="0" tests="2" name="testCases.TC_004_LogoutUser_Test" time="11.397" errors="0" timestamp="2024-09-26T13:58:46 IST" skipped="0">
  <testcase classname="testCases.TC_004_LogoutUser_Test" name="LoginToAccount" time="6.780"/>
  <testcase classname="testCases.TC_004_LogoutUser_Test" name="LogoutUser" time="4.617"/>
</testsuite> <!-- testCases.TC_004_LogoutUser_Test -->
