<?xml version="1.0" encoding="UTF-8"?>
<!-- Generated by org.testng.reporters.JUnitReportReporter -->
<testsuite hostname="LAPTOP-N6AMDSDJ" failures="0" tests="2" name="testCases.TC_003_Login_User_with_incorrect_email_and_passwordTest" time="4.144" errors="0" timestamp="2024-09-26T13:58:46 IST" skipped="0">
  <testcase classname="testCases.TC_003_Login_User_with_incorrect_email_and_passwordTest" name="verifyHomePageIsVisible2" time="2.044"/>
  <testcase classname="testCases.TC_003_Login_User_with_incorrect_email_and_passwordTest" name="VerifyNegativeLoginScenario" time="2.100"/>
</testsuite> <!-- testCases.TC_003_Login_User_with_incorrect_email_and_passwordTest -->
