<?xml version="1.0" encoding="UTF-8"?>
<!-- Generated by org.testng.reporters.JUnitReportReporter -->
<testsuite hostname="LAPTOP-N6AMDSDJ" failures="0" tests="2" name="testCases.TC_002_LoginWithCorrectEmail_PasswordTest" time="5.131" errors="0" timestamp="2024-09-26T13:58:46 IST" skipped="0">
  <testcase classname="testCases.TC_002_LoginWithCorrectEmail_PasswordTest" name="verifyHomePageIsVisible1" time="2.503"/>
  <testcase classname="testCases.TC_002_LoginWithCorrectEmail_PasswordTest" name="verifyLoginIsSuccessfull" time="2.628"/>
</testsuite> <!-- testCases.TC_002_LoginWithCorrectEmail_PasswordTest -->
