<?xml version="1.0" encoding="UTF-8"?>
<!-- Generated by org.testng.reporters.JUnitReportReporter -->
<testsuite hostname="LAPTOP-N6AMDSDJ" failures="0" tests="2" name="testCases.TC_001_RegisterUserTest" time="10.384" errors="0" timestamp="2024-09-26T13:58:46 IST" skipped="0">
  <testcase classname="testCases.TC_001_RegisterUserTest" name="verifyHomePageIsVisible" time="0.123"/>
  <testcase classname="testCases.TC_001_RegisterUserTest" name="verifyAccountCreated" time="10.261"/>
</testsuite> <!-- testCases.TC_001_RegisterUserTest -->
